{
	"entries": [
		{
				"message": "Running FindElementsFunction.script",
				"identifier": "START",
				"timestamp": "2025-03-21 12:38:36.491 +0530"
			},
		{
				"handlerName": "on_findelementsfunction",
				"timestamp": "2025-03-21 12:38:38.923 +0530",
				"message": "https://demoblaze.com on {blendScaledScreen:False, Browser:\"chrome\", colorDepth:0, height:768, Host:\"127.0.0.1\", model:\"Chrome\", Name:\"WebdriverChrome\", overrideName:\"WebdriverChrome\", Port:4444, scaleRemoteScreen:0, skipAvailabilityCheck:False, temporary:False, type:\"WebDriver\", username:\"\", width:1024}",
				"scriptName": "FindElementsFunction.script",
				"handlerLine": 5,
				"identifier": "Set URL"
			},
		{
				"message": "(Duration:\"2.503\", Errors:\"1\", Exceptions:\"0\", StartTime:\"2025-03-21 12:38:36 +0530\", Successes:\"0\", TestCase:\"FindElementsFunction.script\", Warnings:\"0\")",
				"identifier": "EndTestCase",
				"timestamp": "2025-03-21 12:38:38.998 +0530"
			},
		{
				"message": "FailedToFindElement: Couldn't find element identified by {WebID:\"article\"} -- Response code 404 received from Selenium Server. {\"error\": \"no such element\",\"message\": \"no such element: Unable to locate element: {\"method\":\"css selector\",\"selector\":\"#article\"}\"}. -- Execution Time 0:00:02 FindElementsFunction.script",
				"identifier": "FAILURE",
				"timestamp": "2025-03-21 12:38:39.049 +0530"
			},
		{
				"image": "Screen_Error_Web.png",
				"message": "FailedToFindElement: Couldn't find element identified by {WebID:\"article\"} -- Response code 404 received from Selenium Server. {\"error\": \"no such element\",\"message\": \"no such element: Unable to locate element: {\"method\":\"css selector\",\"selector\":\"#article\"}\"}. -- Execution Time 0:00:02 FindElementsFunction.script",
				"identifier": "FAILURE",
				"timestamp": "2025-03-21 12:38:39.338 +0530"
			}
	],
	"createdTimestamp": "2025-03-21 12:38:36.494 +0530"
}