<?xml version="1.0" encoding="UTF-8" ?>
<testsuites>
 <testsuite name="WebDriverActions_script" package="WebDriverFunctions.suite" timestamp="2025-03-20 11:29:27.028 +0530"
 tests="1"  failures="1" errors="0" time="0.050000">
  <properties>
   <property name="RunDate" value="2025-03-20 11:29:27.028 +0530"/>
   <property name="Status" value="Failure"/>
  </properties>
  <testcase name="WebDriverActions.script" assertions="1" status="failure"  time="0.041">
    <failure type="FAILURE" message="InvalidWebOptions: The browser must be specified -- Execution Time 0:00:00 WebDriverActions.script" />
  </testcase>
 </testsuite>
</testsuites>
