<?xml version="1.0" encoding="UTF-8" ?>
<testsuites>
 <testsuite name="WebDriverActions_script" package="WebDriverFunctions.suite" timestamp="2025-03-20 10:58:29.968 +0530"
 tests="1"  failures="0" errors="0" time="119.584000">
  <properties>
   <property name="RunDate" value="2025-03-20 10:58:29.968 +0530"/>
   <property name="Status" value="Aborted"/>
  </properties>
  <testcase name="WebDriverActions.script" assertions="1" status="failure"  time="119.574">
    <failure type="FAILURE" message="See main script" />
  </testcase>
 </testsuite>
</testsuites>
